<?xml version="1.0" encoding="UTF-8"?>
<!-- Generated by org.testng.reporters.JUnitReportReporter -->
<testsuite skipped="0" hostname="clm-pun-u2byxw" name="Login.Solution" tests="1" failures="0" timestamp="2020-05-13T20:12:22 IST" time="13.044" errors="0">
  <testcase name="create_sol" time="13.044" classname="Login.Solution"/>
</testsuite> <!-- Login.Solution -->
