<?xml version="1.0" encoding="UTF-8"?>
<!-- Generated by org.testng.reporters.JUnitReportReporter -->
<testsuite skipped="0" hostname="clm-pun-u2byxw" name="Login.LoginLogOut" tests="1" failures="0" timestamp="2020-04-21T16:17:39 IST" time="5.557" errors="0">
  <testcase name="login" time="5.557" classname="Login.LoginLogOut"/>
</testsuite> <!-- Login.LoginLogOut -->
