<?xml version="1.0" encoding="UTF-8"?>
<!-- Generated by org.testng.reporters.JUnitReportReporter -->
<testsuite skipped="0" hostname="clm-pun-u2byxw" name="Login.CreateTicket" tests="1" failures="0" timestamp="2020-05-13T20:12:22 IST" time="21.328" errors="0">
  <testcase name="create_ticket" time="21.328" classname="Login.CreateTicket"/>
</testsuite> <!-- Login.CreateTicket -->
