<?xml version="1.0" encoding="UTF-8"?>
<!-- Generated by org.testng.reporters.JUnitReportReporter -->
<testsuite skipped="0" hostname="clm-pun-u2byxw" name="Login.CR" tests="1" failures="0" timestamp="2020-05-12T14:56:06 IST" time="12.427" errors="0">
  <testcase name="create_CR" time="12.427" classname="Login.CR"/>
</testsuite> <!-- Login.CR -->
