<?xml version="1.0" encoding="UTF-8"?>
<!-- Generated by org.testng.reporters.JUnitReportReporter -->
<testsuite skipped="0" hostname="clm-pun-u2byxw" name="Login.LoginLogOut" tests="2" failures="0" timestamp="2020-05-09T14:19:31 IST" time="31.472" errors="0">
  <testcase name="login" time="20.880" classname="Login.LoginLogOut"/>
  <testcase name="logout" time="10.592" classname="Login.LoginLogOut"/>
</testsuite> <!-- Login.LoginLogOut -->
